<?xml version="1.0" encoding="UTF-8" standalone="no"?>
<testsuite errors="0" failures="4" name="io.cucumber.core.plugin.JUnitFormatter" skipped="0" tests="13" time="186.465">
<testcase classname="F01_Register | users could register with new accounts" name="guest user could register with valid data successfully" time="24.116">
<failure message="no such element: Unable to locate element: {&quot;method&quot;:&quot;css selector&quot;,&quot;selector&quot;:&quot;.result&quot;}&#10;  (Session info: chrome=106.0.5249.91)&#10;For documentation on this error, please visit: https://selenium.dev/exceptions/#no_such_element&#10;Build info: version: '4.5.0', revision: 'fe167b119a'&#10;System info: os.name: 'Windows 10', os.arch: 'amd64', os.version: '10.0', java.version: '1.8.0_202'&#10;Driver info: org.openqa.selenium.chrome.ChromeDriver&#10;Command: [d08a982d2dd3ac51232b0e54e912ca7f, findElement {using=class name, value=result}]&#10;Capabilities {acceptInsecureCerts: false, browserName: chrome, browserVersion: 106.0.5249.91, chrome: {chromedriverVersion: 106.0.5249.61 (511755355844..., userDataDir: C:\Users\eyad\AppData\Local...}, goog:chromeOptions: {debuggerAddress: localhost:58784}, networkConnectionEnabled: false, pageLoadStrategy: normal, platformName: WINDOWS, proxy: Proxy(), se:cdp: ws://localhost:58784/devtoo..., se:cdpVersion: 106.0.5249.91, setWindowRect: true, strictFileInteractability: false, timeouts: {implicit: 0, pageLoad: 300000, script: 30000}, unhandledPromptBehavior: dismiss and notify, webauthn:extension:credBlob: true, webauthn:extension:largeBlob: true, webauthn:virtualAuthenticators: true}&#10;Session ID: d08a982d2dd3ac51232b0e54e912ca7f" type="org.openqa.selenium.NoSuchElementException"><![CDATA[Given user go to register page..............................................passed
When user select gender type................................................passed
And user enter first name "automation" and last name "tester"...............passed
And user enter date of birth................................................passed
And user enter email "test@example.com" field...............................passed
And user fills Password fields "P@ssw0rd" "P@ssw0rd"........................passed
And user clicks on register button..........................................passed
Then success message is displayed...........................................failed

StackTrace:
org.openqa.selenium.NoSuchElementException: no such element: Unable to locate element: {"method":"css selector","selector":".result"}
  (Session info: chrome=106.0.5249.91)
For documentation on this error, please visit: https://selenium.dev/exceptions/#no_such_element
Build info: version: '4.5.0', revision: 'fe167b119a'
System info: os.name: 'Windows 10', os.arch: 'amd64', os.version: '10.0', java.version: '1.8.0_202'
Driver info: org.openqa.selenium.chrome.ChromeDriver
Command: [d08a982d2dd3ac51232b0e54e912ca7f, findElement {using=class name, value=result}]
Capabilities {acceptInsecureCerts: false, browserName: chrome, browserVersion: 106.0.5249.91, chrome: {chromedriverVersion: 106.0.5249.61 (511755355844..., userDataDir: C:\Users\eyad\AppData\Local...}, goog:chromeOptions: {debuggerAddress: localhost:58784}, networkConnectionEnabled: false, pageLoadStrategy: normal, platformName: WINDOWS, proxy: Proxy(), se:cdp: ws://localhost:58784/devtoo..., se:cdpVersion: 106.0.5249.91, setWindowRect: true, strictFileInteractability: false, timeouts: {implicit: 0, pageLoad: 300000, script: 30000}, unhandledPromptBehavior: dismiss and notify, webauthn:extension:credBlob: true, webauthn:extension:largeBlob: true, webauthn:virtualAuthenticators: true}
Session ID: d08a982d2dd3ac51232b0e54e912ca7f
	at sun.reflect.NativeConstructorAccessorImpl.newInstance0(Native Method)
	at sun.reflect.NativeConstructorAccessorImpl.newInstance(NativeConstructorAccessorImpl.java:62)
	at sun.reflect.DelegatingConstructorAccessorImpl.newInstance(DelegatingConstructorAccessorImpl.java:45)
	at java.lang.reflect.Constructor.newInstance(Constructor.java:423)
	at org.openqa.selenium.remote.codec.w3c.W3CHttpResponseCodec.createException(W3CHttpResponseCodec.java:200)
	at org.openqa.selenium.remote.codec.w3c.W3CHttpResponseCodec.decode(W3CHttpResponseCodec.java:133)
	at org.openqa.selenium.remote.codec.w3c.W3CHttpResponseCodec.decode(W3CHttpResponseCodec.java:53)
	at org.openqa.selenium.remote.HttpCommandExecutor.execute(HttpCommandExecutor.java:184)
	at org.openqa.selenium.remote.service.DriverCommandExecutor.invokeExecute(DriverCommandExecutor.java:167)
	at org.openqa.selenium.remote.service.DriverCommandExecutor.execute(DriverCommandExecutor.java:142)
	at org.openqa.selenium.remote.RemoteWebDriver.execute(RemoteWebDriver.java:547)
	at org.openqa.selenium.remote.ElementLocation$ElementFinder$2.findElement(ElementLocation.java:162)
	at org.openqa.selenium.remote.ElementLocation.findElement(ElementLocation.java:66)
	at org.openqa.selenium.remote.RemoteWebDriver.findElement(RemoteWebDriver.java:365)
	at org.openqa.selenium.remote.RemoteWebDriver.findElement(RemoteWebDriver.java:357)
	at org.example.stepDefs.D01_registerStepDef.success_message(D01_registerStepDef.java:57)
	at ✽.success message is displayed(file:///C:/Users/eyad/.m2/repository/org/testng/testng/E-commerce/src/main/resources/features/F01_Register.feature:11)
]]></failure>
</testcase>
<testcase classname="F02_Login | users could use login functionality to use their accounts" name="user could login with valid email and password" time="12.717">
<failure message="The scenario has pending or undefined step(s)" type="java.lang.Exception"><![CDATA[Given user go to login page.................................................passed
When user login with "valid" "eyadsherif988@gmail.com" and "P@ssw0rd".......undefined
And user press on login button..............................................skipped
Then user login to the system successfully..................................skipped
]]></failure>
</testcase>
<testcase classname="F02_Login | users could use login functionality to use their accounts" name="user could login with invalid email and password" time="11.14">
<system-out><![CDATA[Given user go to login page.................................................passed
When user login with "invalid" "wrong@example.com" and "P@ssw0rd"...........passed
And user press on login button..............................................passed
Then user could not login to the system.....................................passed
]]></system-out>
</testcase>
<testcase classname="Select Euro currency" name="guest user Select Euro currency" time="12.468">
<system-out><![CDATA[When user Select Euro currency option from the dropdown list on the top left of home page.passed
Then Euro Symbol is displayed on 4 product..................................passed
]]></system-out>
</testcase>
<testcase classname="Search Feature" name="search using product name" time="13.501">
<system-out><![CDATA[When user click on search field.............................................passed
And user search with "book".................................................passed
Then user could find "book".................................................passed
]]></system-out>
</testcase>
<testcase classname="Search Feature" name="search using product name 2" time="11.057">
<system-out><![CDATA[When user click on search field.............................................passed
And user search with "laptop"...............................................passed
Then user could find "laptop"...............................................passed
]]></system-out>
</testcase>
<testcase classname="Search Feature" name="search using product name 3" time="13.038">
<system-out><![CDATA[When user click on search field.............................................passed
And user search with "nike".................................................passed
Then user could find "nike".................................................passed
]]></system-out>
</testcase>
<testcase classname="Search Feature" name="search using product sku" time="12.248">
<system-out><![CDATA[When user click on search field.............................................passed
And user search with "SCI_FAITH"............................................passed
Then user could find "SCI_FAITH" in product details.........................passed
]]></system-out>
</testcase>
<testcase classname="Search Feature" name="search using product sku 2" time="17.308">
<system-out><![CDATA[When user click on search field.............................................passed
And user search with "APPLE_CAM"............................................passed
Then user could find "APPLE_CAM" in product details.........................passed
]]></system-out>
</testcase>
<testcase classname="Search Feature" name="search using product sku 3" time="18.397">
<system-out><![CDATA[When user click on search field.............................................passed
And user search with "SF_PRO_11"............................................passed
Then user could find "SF_PRO_11" in product details.........................passed
]]></system-out>
</testcase>
<testcase classname="hover Categories Feature and select subcategory" name="user could hover on categories" time="11.606">
<system-out><![CDATA[When user hover categories..................................................passed
And user click on subcategory...............................................passed
Then user go to product page................................................passed
]]></system-out>
</testcase>
<testcase classname="homeSliders Feature" name="user click on Nokia slider" time="13.634">
<failure message="Bug found in nokia URL expected [https://demo.nopcommerce.com/nokia-lumia-1020] but found [https://demo.nopcommerce.com/]" type="java.lang.AssertionError"><![CDATA[When user choose on Nokia slider............................................passed
And user click on Nokia slider..............................................passed
Then user navigate to Nokia URL.............................................failed

StackTrace:
java.lang.AssertionError: Bug found in nokia URL expected [https://demo.nopcommerce.com/nokia-lumia-1020] but found [https://demo.nopcommerce.com/]
	at org.testng.Assert.fail(Assert.java:110)
	at org.testng.Assert.failNotEquals(Assert.java:1413)
	at org.testng.Assert.assertEqualsImpl(Assert.java:149)
	at org.testng.Assert.assertEquals(Assert.java:131)
	at org.testng.Assert.assertEquals(Assert.java:655)
	at org.example.stepDefs.D06_homeSlidersStepDef.navigates_nokia_url(D06_homeSlidersStepDef.java:28)
	at ✽.user navigate to Nokia URL(file:///C:/Users/eyad/.m2/repository/org/testng/testng/E-commerce/src/main/resources/features/F06_homeSliders.feature:6)
]]></failure>
</testcase>
<testcase classname="homeSliders Feature" name="user click on iphone slider" time="14.714">
<failure message="Bug found in iphone URL expected [https://demo.nopcommerce.com/iphone-6] but found [https://demo.nopcommerce.com/]" type="java.lang.AssertionError"><![CDATA[When user choose on iphone slider...........................................passed
And user click on iphone slider.............................................passed
Then user navigate to iphone URL............................................failed

StackTrace:
java.lang.AssertionError: Bug found in iphone URL expected [https://demo.nopcommerce.com/iphone-6] but found [https://demo.nopcommerce.com/]
	at org.testng.Assert.fail(Assert.java:110)
	at org.testng.Assert.failNotEquals(Assert.java:1413)
	at org.testng.Assert.assertEqualsImpl(Assert.java:149)
	at org.testng.Assert.assertEquals(Assert.java:131)
	at org.testng.Assert.assertEquals(Assert.java:655)
	at org.example.stepDefs.D06_homeSlidersStepDef.navigate_iphone_url(D06_homeSlidersStepDef.java:41)
	at ✽.user navigate to iphone URL(file:///C:/Users/eyad/.m2/repository/org/testng/testng/E-commerce/src/main/resources/features/F06_homeSliders.feature:11)
]]></failure>
</testcase>
</testsuite>
